<?xml version="1.0" encoding="UTF-8"?>
<testsuite name="prettyPrinter.PrettyPrinterTest" tests="1" skipped="0" failures="0" errors="0" timestamp="2025-12-16T21:25:06" hostname="ROMAIN-PC" time="0.036">
  <properties/>
  <testcase name="test()" classname="prettyPrinter.PrettyPrinterTest" time="0.036"/>
  <system-out><![CDATA[model SpaceMissionHybrid ;

entity Satellite ;
    id : Integer ;
    parent_flotte : Flotte ;
end entity;

entity Flotte subtype of (Satellite) ;
    nom : String ;
    satellites : Bag [0:*] of Satellite ;
end entity;

end model

]]></system-out>
  <system-err><![CDATA[]]></system-err>
</testsuite>
